<?xml version="1.0" encoding="UTF-8"?>
<!-- Generated by org.testng.reporters.JUnitReportReporter -->
<testsuite skipped="0" hostname="New-PC" name="com.cognizant.tests.TC61_CruiseButtonChecking" tests="1" failures="0" timestamp="2020-06-14T12:50:09 IST" time="8.113" errors="0">
  <testcase name="fetchCruises" time="8.113" classname="com.cognizant.tests.TC61_CruiseButtonChecking"/>
  <system-out/>
</testsuite> <!-- com.cognizant.tests.TC61_CruiseButtonChecking -->
