<?xml version="1.0" encoding="UTF-8"?>
<!-- Generated by org.testng.reporters.JUnitReportReporter -->
<testsuite skipped="0" hostname="New-PC" name="com.cognizant.tests.TC22_FetchHolidayHomesWithoutDates" tests="1" failures="0" timestamp="2020-06-15T19:07:08 IST" time="37.792" errors="0">
  <testcase name="fetchHolidayHomes" time="37.792" classname="com.cognizant.tests.TC22_FetchHolidayHomesWithoutDates"/>
  <system-out/>
</testsuite> <!-- com.cognizant.tests.TC22_FetchHolidayHomesWithoutDates -->
