<?xml version="1.0" encoding="UTF-8"?>
<!-- Generated by org.testng.reporters.JUnitReportReporter -->
<testsuite skipped="0" hostname="New-PC" name="com.cognizant.tests.TC11_CheckAutoSuggestion" tests="1" failures="0" timestamp="2020-06-15T18:11:02 IST" time="12.044" errors="0">
  <testcase name="fetchHolidayHomes" time="12.044" classname="com.cognizant.tests.TC11_CheckAutoSuggestion"/>
  <system-out/>
</testsuite> <!-- com.cognizant.tests.TC11_CheckAutoSuggestion -->
