<?xml version="1.0" encoding="UTF-8"?>
<!-- Generated by org.testng.reporters.JUnitReportReporter -->
<testsuite skipped="0" hostname="New-PC" name="com.cognizant.tests.FetchHolidayHomesWithoutDates" tests="1" failures="0" timestamp="2020-06-09T17:06:38 IST" time="63.870" errors="0">
  <testcase name="fetchHolidayHomes" time="63.870" classname="com.cognizant.tests.FetchHolidayHomesWithoutDates"/>
  <system-out/>
</testsuite> <!-- com.cognizant.tests.FetchHolidayHomesWithoutDates -->
