<?xml version="1.0" encoding="UTF-8"?>
<!-- Generated by org.testng.reporters.JUnitReportReporter -->
<testsuite skipped="0" hostname="New-PC" name="com.cognizant.tests.TC62_CruiseDropdownChecking" tests="1" failures="0" timestamp="2020-06-14T13:49:59 IST" time="10.091" errors="0">
  <testcase name="fetchCruises" time="10.091" classname="com.cognizant.tests.TC62_CruiseDropdownChecking"/>
  <system-out/>
</testsuite> <!-- com.cognizant.tests.TC62_CruiseDropdownChecking -->
