<?xml version="1.0" encoding="UTF-8"?>
<!-- Generated by org.testng.reporters.JUnitReportReporter -->
<testsuite skipped="0" hostname="New-PC" name="com.cognizant.tests.testScenario6.TC62_CruiseDropdownChecking" tests="1" failures="0" timestamp="2020-06-15T23:34:33 IST" time="14.778" errors="0">
  <testcase name="fetchCruises" time="14.778" classname="com.cognizant.tests.testScenario6.TC62_CruiseDropdownChecking"/>
  <system-out/>
</testsuite> <!-- com.cognizant.tests.testScenario6.TC62_CruiseDropdownChecking -->
