<?xml version="1.0" encoding="UTF-8"?>
<!-- Generated by org.testng.reporters.JUnitReportReporter -->
<testsuite skipped="0" hostname="New-PC" name="com.cognizant.tests.TC41_SortByFilter" tests="1" failures="0" timestamp="2020-06-10T12:01:55 IST" time="22.747" errors="0">
  <testcase name="fetchHolidayHomes" time="22.747" classname="com.cognizant.tests.TC41_SortByFilter"/>
  <system-out/>
</testsuite> <!-- com.cognizant.tests.TC41_SortByFilter -->
