<?xml version="1.0" encoding="UTF-8"?>
<!-- Generated by org.testng.reporters.JUnitReportReporter -->
<testsuite skipped="0" hostname="New-PC" name="com.cognizant.tests.TC61_CruiseSelection" tests="1" failures="0" timestamp="2020-06-14T13:34:26 IST" time="23.125" errors="0">
  <testcase name="fetchCruises" time="23.125" classname="com.cognizant.tests.TC61_CruiseSelection"/>
  <system-out/>
</testsuite> <!-- com.cognizant.tests.TC61_CruiseSelection -->
