<?xml version="1.0" encoding="UTF-8"?>
<!-- Generated by org.testng.reporters.JUnitReportReporter -->
<testsuite skipped="0" hostname="New-PC" name="com.cognizant.tests.testScenario2.TC22_FetchHolidayHomesWithoutDates" tests="1" failures="0" timestamp="2020-06-15T23:34:33 IST" time="41.469" errors="0">
  <testcase name="fetchHolidayHomes" time="41.469" classname="com.cognizant.tests.testScenario2.TC22_FetchHolidayHomesWithoutDates"/>
  <system-out/>
</testsuite> <!-- com.cognizant.tests.testScenario2.TC22_FetchHolidayHomesWithoutDates -->
