<?xml version="1.0" encoding="UTF-8"?>
<!-- Generated by org.testng.reporters.JUnitReportReporter -->
<testsuite skipped="0" hostname="New-PC" name="com.cognizant.tests.TC32_GuestCountVerification" tests="1" failures="0" timestamp="2020-06-11T00:03:03 IST" time="45.016" errors="0">
  <testcase name="fetchHolidayHomes" time="45.016" classname="com.cognizant.tests.TC32_GuestCountVerification"/>
  <system-out/>
</testsuite> <!-- com.cognizant.tests.TC32_GuestCountVerification -->
