<?xml version="1.0" encoding="UTF-8"?>
<!-- Generated by org.testng.reporters.JUnitReportReporter -->
<testsuite skipped="0" hostname="New-PC" name="com.cognizant.tests.FetchHolidayHomesWithoutDates" tests="1" failures="0" timestamp="2020-05-31T00:03:40 IST" time="107.418" errors="0">
  <testcase name="fetchHolidayHomes" time="107.418" classname="com.cognizant.tests.FetchHolidayHomesWithoutDates"/>
  <system-out/>
</testsuite> <!-- com.cognizant.tests.FetchHolidayHomesWithoutDates -->
