<?xml version="1.0" encoding="UTF-8"?>
<!-- Generated by org.testng.reporters.JUnitReportReporter -->
<testsuite skipped="0" hostname="New-PC" name="com.cognizant.tests.testScenario6.TC61_CruiseButtonChecking" tests="1" failures="0" timestamp="2020-06-15T21:02:40 IST" time="7.324" errors="0">
  <testcase name="fetchCruises" time="7.324" classname="com.cognizant.tests.testScenario6.TC61_CruiseButtonChecking"/>
  <system-out/>
</testsuite> <!-- com.cognizant.tests.testScenario6.TC61_CruiseButtonChecking -->
