<?xml version="1.0" encoding="UTF-8"?>
<!-- Generated by org.testng.reporters.JUnitReportReporter -->
<testsuite skipped="0" hostname="New-PC" name="com.cognizant.tests.TC13_SearchBarHolidayHomes" tests="1" failures="0" timestamp="2020-06-13T23:50:19 IST" time="8.905" errors="0">
  <testcase name="fetchHolidayHomes" time="8.905" classname="com.cognizant.tests.TC13_SearchBarHolidayHomes"/>
  <system-out/>
</testsuite> <!-- com.cognizant.tests.TC13_SearchBarHolidayHomes -->
