<?xml version="1.0" encoding="UTF-8"?>
<!-- Generated by org.testng.reporters.JUnitReportReporter -->
<testsuite skipped="0" hostname="New-PC" name="com.cognizant.tests.testScenario6.TC63_CheckSearchButton" tests="1" failures="0" timestamp="2020-06-15T21:02:40 IST" time="11.862" errors="0">
  <testcase name="fetchCruises" time="11.862" classname="com.cognizant.tests.testScenario6.TC63_CheckSearchButton"/>
  <system-out/>
</testsuite> <!-- com.cognizant.tests.testScenario6.TC63_CheckSearchButton -->
