<?xml version="1.0" encoding="UTF-8"?>
<!-- Generated by org.testng.reporters.JUnitReportReporter -->
<testsuite skipped="0" hostname="New-PC" name="com.cognizant.tests.CheckGuestButton" tests="1" failures="0" timestamp="2020-06-08T20:58:58 IST" time="33.403" errors="0">
  <testcase name="fetchHolidayHomes" time="33.403" classname="com.cognizant.tests.CheckGuestButton"/>
  <system-out/>
</testsuite> <!-- com.cognizant.tests.CheckGuestButton -->
