<?xml version="1.0" encoding="UTF-8"?>
<!-- Generated by org.testng.reporters.JUnitReportReporter -->
<testsuite skipped="0" hostname="New-PC" name="com.cognizant.tests.TC63_CheckSearchButton" tests="1" failures="0" timestamp="2020-06-14T14:23:35 IST" time="10.218" errors="0">
  <testcase name="fetchCruises" time="10.218" classname="com.cognizant.tests.TC63_CheckSearchButton"/>
  <system-out/>
</testsuite> <!-- com.cognizant.tests.TC63_CheckSearchButton -->
