<?xml version="1.0" encoding="UTF-8"?>
<!-- Generated by org.testng.reporters.JUnitReportReporter -->
<testsuite skipped="0" hostname="New-PC" name="com.cognizant.tests.TC23_CheckLocationBoxError" tests="1" failures="0" timestamp="2020-06-14T20:06:22 IST" time="21.547" errors="0">
  <testcase name="fetchHolidayHomes" time="21.547" classname="com.cognizant.tests.TC23_CheckLocationBoxError"/>
  <system-out/>
</testsuite> <!-- com.cognizant.tests.TC23_CheckLocationBoxError -->
