<?xml version="1.0" encoding="UTF-8"?>
<!-- Generated by org.testng.reporters.JUnitReportReporter -->
<testsuite skipped="0" hostname="New-PC" name="com.cognizant.tests.CheckAutoSuggestion" tests="1" failures="0" timestamp="2020-06-08T18:10:23 IST" time="13.857" errors="0">
  <testcase name="fetchHolidayHomes" time="13.857" classname="com.cognizant.tests.CheckAutoSuggestion"/>
  <system-out/>
</testsuite> <!-- com.cognizant.tests.CheckAutoSuggestion -->
