<?xml version="1.0" encoding="UTF-8"?>
<!-- Generated by org.testng.reporters.JUnitReportReporter -->
<testsuite skipped="0" hostname="New-PC" name="com.cognizant.tests.ts11.TC11_CheckAutoSuggestion" tests="1" failures="0" timestamp="2020-06-15T20:39:30 IST" time="43.953" errors="0">
  <testcase name="fetchHolidayHomes" time="43.953" classname="com.cognizant.tests.ts11.TC11_CheckAutoSuggestion"/>
  <system-out/>
</testsuite> <!-- com.cognizant.tests.ts11.TC11_CheckAutoSuggestion -->
