<?xml version="1.0" encoding="UTF-8"?>
<!-- Generated by org.testng.reporters.JUnitReportReporter -->
<testsuite skipped="0" hostname="New-PC" name="com.cognizant.tests.FetchHolidaysWithDates" tests="1" failures="0" timestamp="2020-05-31T00:03:40 IST" time="68.351" errors="0">
  <testcase name="fetchHolidayHomes" time="68.351" classname="com.cognizant.tests.FetchHolidaysWithDates"/>
  <system-out/>
</testsuite> <!-- com.cognizant.tests.FetchHolidaysWithDates -->
