<?xml version="1.0" encoding="UTF-8"?>
<!-- Generated by org.testng.reporters.JUnitReportReporter -->
<testsuite skipped="0" hostname="New-PC" name="com.cognizant.tests.TC13_SearchBarHolidayHomes" tests="1" failures="0" timestamp="2020-06-11T00:37:47 IST" time="3.934" errors="0">
  <testcase name="fetchHolidayHomes" time="3.934" classname="com.cognizant.tests.TC13_SearchBarHolidayHomes"/>
  <system-out/>
</testsuite> <!-- com.cognizant.tests.TC13_SearchBarHolidayHomes -->
